# JRE version: Java(TM) SE Runtime Environment (17.0.10+11) (build 17.0.10+11-LTS-240)
# Java VM: Java HotSpot(TM) 64-Bit Server VM (17.0.10+11-LTS-240, mixed mode, sharing, tiered, compressed oops, compressed class ptrs, g1 gc, windows-amd64)
GC Precious Log:
 CPUs: 8 total, 8 available
 Memory: 16221M
 Large Page Support: Disabled
 NUMA Support: Disabled
 Compressed Oops: Enabled (32-bit)
 Heap Region Size: 1M
 Heap Min Capacity: 8M
 Heap Initial Capacity: 254M
 Heap Max Capacity: 2G
 Pre-touch: Disabled
 Parallel Workers: 8
 Concurrent Workers: 2
 Concurrent Refinement Workers: 8
 Periodic GC: Disabled
Heap:
 garbage-first heap   total 89088K, used 54481K [0x0000000080000000, 0x0000000100000000)
  region size 1024K, 44 young (45056K), 12 survivors (12288K)
 Metaspace       used 25193K, committed 25472K, reserved 491520K
  class space    used 3701K, committed 3840K, reserved 425984K
GC Heap History (8 events):
Event: 1.429 GC heap before
{Heap before GC invocations=0 (full 0):
 garbage-first heap   total 260096K, used 23552K [0x0000000080000000, 0x0000000100000000)
  region size 1024K, 23 young (23552K), 0 survivors (0K)
 Metaspace       used 1055K, committed 1216K, reserved 491520K
  class space    used 73K, committed 128K, reserved 425984K
}
Event: 1.517 GC heap after
{Heap after GC invocations=1 (full 0):
 garbage-first heap   total 260096K, used 1927K [0x0000000080000000, 0x0000000100000000)
  region size 1024K, 2 young (2048K), 2 survivors (2048K)
 Metaspace       used 1055K, committed 1216K, reserved 491520K
  class space    used 73K, committed 128K, reserved 425984K
}
Event: 3.201 GC heap before
{Heap before GC invocations=1 (full 0):
 garbage-first heap   total 260096K, used 41863K [0x0000000080000000, 0x0000000100000000)
  region size 1024K, 38 young (38912K), 2 survivors (2048K)
 Metaspace       used 4387K, committed 4544K, reserved 491520K
  class space    used 548K, committed 640K, reserved 425984K
}
Event: 3.205 GC heap after
{Heap after GC invocations=2 (full 0):
 garbage-first heap   total 260096K, used 11268K [0x0000000080000000, 0x0000000100000000)
  region size 1024K, 5 young (5120K), 5 survivors (5120K)
 Metaspace       used 4387K, committed 4544K, reserved 491520K
  class space    used 548K, committed 640K, reserved 425984K
}
Event: 6.189 GC heap before
{Heap before GC invocations=2 (full 0):
 garbage-first heap   total 260096K, used 63492K [0x0000000080000000, 0x0000000100000000)
  region size 1024K, 54 young (55296K), 5 survivors (5120K)
 Metaspace       used 5180K, committed 5376K, reserved 491520K
  class space    used 686K, committed 768K, reserved 425984K
}
Event: 6.194 GC heap after
{Heap after GC invocations=3 (full 0):
 garbage-first heap   total 260096K, used 16713K [0x0000000080000000, 0x0000000100000000)
  region size 1024K, 5 young (5120K), 5 survivors (5120K)
 Metaspace       used 5180K, committed 5376K, reserved 491520K
  class space    used 686K, committed 768K, reserved 425984K
}
Event: 21.417 GC heap before
{Heap before GC invocations=3 (full 0):
 garbage-first heap   total 260096K, used 121161K [0x0000000080000000, 0x0000000100000000)
  region size 1024K, 108 young (110592K), 5 survivors (5120K)
 Metaspace       used 21147K, committed 21504K, reserved 491520K
  class space    used 3078K, committed 3264K, reserved 425984K
}
Event: 21.454 GC heap after
{Heap after GC invocations=4 (full 0):
 garbage-first heap   total 260096K, used 23761K [0x0000000080000000, 0x0000000100000000)
  region size 1024K, 12 young (12288K), 12 survivors (12288K)
 Metaspace       used 21147K, committed 21504K, reserved 491520K
  class space    used 3078K, committed 3264K, reserved 425984K
}

