# JRE version: Java(TM) SE Runtime Environment (17.0.10+11) (build 17.0.10+11-LTS-240)
# Java VM: Java HotSpot(TM) 64-Bit Server VM (17.0.10+11-LTS-240, mixed mode, sharing, tiered, compressed oops, compressed class ptrs, g1 gc, windows-amd64)
GC Precious Log:
 CPUs: 8 total, 8 available
 Memory: 16221M
 Large Page Support: Disabled
 NUMA Support: Disabled
 Compressed Oops: Enabled (32-bit)
 Heap Region Size: 1M
 Heap Min Capacity: 8M
 Heap Initial Capacity: 254M
 Heap Max Capacity: 2G
 Pre-touch: Disabled
 Parallel Workers: 8
 Concurrent Workers: 2
 Concurrent Refinement Workers: 8
 Periodic GC: Disabled
Heap:
 garbage-first heap   total 268288K, used 210451K [0x0000000080000000, 0x0000000100000000)
  region size 1024K, 63 young (64512K), 2 survivors (2048K)
 Metaspace       used 144677K, committed 145728K, reserved 557056K
  class space    used 18518K, committed 19008K, reserved 425984K
GC Heap History (20 events):
Event: 45.992 GC heap before
{Heap before GC invocations=67 (full 0):
 garbage-first heap   total 167936K, used 147196K [0x0000000080000000, 0x0000000100000000)
  region size 1024K, 8 young (8192K), 1 survivors (1024K)
 Metaspace       used 139086K, committed 140032K, reserved 557056K
  class space    used 18071K, committed 18560K, reserved 425984K
}
Event: 45.994 GC heap after
{Heap after GC invocations=68 (full 0):
 garbage-first heap   total 167936K, used 140817K [0x0000000080000000, 0x0000000100000000)
  region size 1024K, 1 young (1024K), 1 survivors (1024K)
 Metaspace       used 139086K, committed 140032K, reserved 557056K
  class space    used 18071K, committed 18560K, reserved 425984K
}
Event: 46.078 GC heap before
{Heap before GC invocations=68 (full 0):
 garbage-first heap   total 167936K, used 147985K [0x0000000080000000, 0x0000000100000000)
  region size 1024K, 8 young (8192K), 1 survivors (1024K)
 Metaspace       used 139131K, committed 140096K, reserved 557056K
  class space    used 18071K, committed 18560K, reserved 425984K
}
Event: 46.082 GC heap after
{Heap after GC invocations=69 (full 0):
 garbage-first heap   total 167936K, used 142509K [0x0000000080000000, 0x0000000100000000)
  region size 1024K, 1 young (1024K), 1 survivors (1024K)
 Metaspace       used 139131K, committed 140096K, reserved 557056K
  class space    used 18071K, committed 18560K, reserved 425984K
}
Event: 46.171 GC heap before
{Heap before GC invocations=69 (full 0):
 garbage-first heap   total 167936K, used 149677K [0x0000000080000000, 0x0000000100000000)
  region size 1024K, 8 young (8192K), 1 survivors (1024K)
 Metaspace       used 139153K, committed 140096K, reserved 557056K
  class space    used 18071K, committed 18560K, reserved 425984K
}
Event: 46.175 GC heap after
{Heap after GC invocations=70 (full 0):
 garbage-first heap   total 209920K, used 144335K [0x0000000080000000, 0x0000000100000000)
  region size 1024K, 1 young (1024K), 1 survivors (1024K)
 Metaspace       used 139153K, committed 140096K, reserved 557056K
  class space    used 18071K, committed 18560K, reserved 425984K
}
Event: 46.421 GC heap before
{Heap before GC invocations=70 (full 0):
 garbage-first heap   total 209920K, used 177103K [0x0000000080000000, 0x0000000100000000)
  region size 1024K, 33 young (33792K), 1 survivors (1024K)
 Metaspace       used 139284K, committed 140224K, reserved 557056K
  class space    used 18075K, committed 18560K, reserved 425984K
}
Event: 46.426 GC heap after
{Heap after GC invocations=71 (full 0):
 garbage-first heap   total 209920K, used 146779K [0x0000000080000000, 0x0000000100000000)
  region size 1024K, 4 young (4096K), 4 survivors (4096K)
 Metaspace       used 139284K, committed 140224K, reserved 557056K
  class space    used 18075K, committed 18560K, reserved 425984K
}
Event: 47.170 GC heap before
{Heap before GC invocations=71 (full 0):
 garbage-first heap   total 209920K, used 177499K [0x0000000080000000, 0x0000000100000000)
  region size 1024K, 34 young (34816K), 4 survivors (4096K)
 Metaspace       used 139796K, committed 140800K, reserved 557056K
  class space    used 18105K, committed 18560K, reserved 425984K
}
Event: 47.176 GC heap after
{Heap after GC invocations=72 (full 0):
 garbage-first heap   total 209920K, used 150098K [0x0000000080000000, 0x0000000100000000)
  region size 1024K, 4 young (4096K), 4 survivors (4096K)
 Metaspace       used 139796K, committed 140800K, reserved 557056K
  class space    used 18105K, committed 18560K, reserved 425984K
}
Event: 48.157 GC heap before
{Heap before GC invocations=72 (full 0):
 garbage-first heap   total 209920K, used 177746K [0x0000000080000000, 0x0000000100000000)
  region size 1024K, 31 young (31744K), 4 survivors (4096K)
 Metaspace       used 141155K, committed 142144K, reserved 557056K
  class space    used 18205K, committed 18688K, reserved 425984K
}
Event: 48.163 GC heap after
{Heap after GC invocations=73 (full 0):
 garbage-first heap   total 209920K, used 154363K [0x0000000080000000, 0x0000000100000000)
  region size 1024K, 4 young (4096K), 4 survivors (4096K)
 Metaspace       used 141155K, committed 142144K, reserved 557056K
  class space    used 18205K, committed 18688K, reserved 425984K
}
Event: 49.367 GC heap before
{Heap before GC invocations=73 (full 0):
 garbage-first heap   total 209920K, used 177915K [0x0000000080000000, 0x0000000100000000)
  region size 1024K, 28 young (28672K), 4 survivors (4096K)
 Metaspace       used 142772K, committed 143808K, reserved 557056K
  class space    used 18304K, committed 18816K, reserved 425984K
}
Event: 49.376 GC heap after
{Heap after GC invocations=74 (full 0):
 garbage-first heap   total 209920K, used 158571K [0x0000000080000000, 0x0000000100000000)
  region size 1024K, 4 young (4096K), 4 survivors (4096K)
 Metaspace       used 142772K, committed 143808K, reserved 557056K
  class space    used 18304K, committed 18816K, reserved 425984K
}
Event: 49.851 GC heap before
{Heap before GC invocations=74 (full 0):
 garbage-first heap   total 209920K, used 164715K [0x0000000080000000, 0x0000000100000000)
  region size 1024K, 11 young (11264K), 4 survivors (4096K)
 Metaspace       used 143585K, committed 144576K, reserved 557056K
  class space    used 18373K, committed 18880K, reserved 425984K
}
Event: 49.857 GC heap after
{Heap after GC invocations=75 (full 0):
 garbage-first heap   total 209920K, used 158974K [0x0000000080000000, 0x0000000100000000)
  region size 1024K, 1 young (1024K), 1 survivors (1024K)
 Metaspace       used 143585K, committed 144576K, reserved 557056K
  class space    used 18373K, committed 18880K, reserved 425984K
}
Event: 54.582 GC heap before
{Heap before GC invocations=76 (full 0):
 garbage-first heap   total 268288K, used 173310K [0x0000000080000000, 0x0000000100000000)
  region size 1024K, 17 young (17408K), 1 survivors (1024K)
 Metaspace       used 144291K, committed 145280K, reserved 557056K
  class space    used 18489K, committed 18944K, reserved 425984K
}
Event: 54.588 GC heap after
{Heap after GC invocations=77 (full 0):
 garbage-first heap   total 268288K, used 158200K [0x0000000080000000, 0x0000000100000000)
  region size 1024K, 1 young (1024K), 1 survivors (1024K)
 Metaspace       used 144291K, committed 145280K, reserved 557056K
  class space    used 18489K, committed 18944K, reserved 425984K
}
Event: 55.280 GC heap before
{Heap before GC invocations=77 (full 0):
 garbage-first heap   total 268288K, used 170488K [0x0000000080000000, 0x0000000100000000)
  region size 1024K, 13 young (13312K), 1 survivors (1024K)
 Metaspace       used 144551K, committed 145600K, reserved 557056K
  class space    used 18517K, committed 19008K, reserved 425984K
}
Event: 55.291 GC heap after
{Heap after GC invocations=78 (full 0):
 garbage-first heap   total 268288K, used 147987K [0x0000000080000000, 0x0000000100000000)
  region size 1024K, 2 young (2048K), 2 survivors (2048K)
 Metaspace       used 144551K, committed 145600K, reserved 557056K
  class space    used 18517K, committed 19008K, reserved 425984K
}

